<?xml version="1.0" encoding="UTF-8"?>
<!-- Generated by org.testng.reporters.JUnitXMLReporter -->
<testsuite hostname="Venkatesh" ignored="0" name="HomePage" tests="2" failures="2" timestamp="2021-02-06T21:02:21 IST" time="19.609" errors="0">
  <testcase name="homePageRepo" time="0.433" classname="Sel2021Pro.homePage">
    <failure type="java.lang.AssertionError" message="expected [FEATURED COURSES123] but found [FEATURED COURSES]">
      <![CDATA[java.lang.AssertionError: expected [FEATURED COURSES123] but found [FEATURED COURSES]
at Sel2021Pro.homePage.homePageRepo(homePage.java:29)
at java.util.ArrayList.forEach(ArrayList.java:1255)
... Removed 37 stack frames]]>
    </failure>
  </testcase> <!-- homePageRepo -->
  <testcase name="homePageRepo" time="0.537" classname="Sel2021Pro.homePage">
    <failure type="java.lang.NullPointerException">
      <![CDATA[java.lang.NullPointerException
at resources.basePage.getScreenShot(basePage.java:56)
at Sel2021Pro.Listenerss.onTestFailure(Listenerss.java:34)
at java.util.ArrayList.forEach(ArrayList.java:1255)
... Removed 28 stack frames]]>
    </failure>
  </testcase> <!-- homePageRepo -->
</testsuite> <!-- HomePage -->
