<?xml version="1.0" encoding="UTF-8"?>
<testsuite xmlns:xsi="http://www.w3.org/2001/XMLSchema-instance" xsi:noNamespaceSchemaLocation="https://maven.apache.org/surefire/maven-surefire-plugin/xsd/surefire-test-report-3.0.xsd" version="3.0" name="TestSuite" time="201.796" tests="4" errors="0" skipped="0" failures="0">
  <properties>
[...]
</properties>
  <testcase name="login[venki, Anvekar](1)" classname="Sel2021Pro.lensesTestCaseOne" time="64.667">
    <system-out><![CDATA[Close More Deals
]]></system-out>
    <system-err><![CDATA[Starting ChromeDriver 88.0.4324.96 (68dba2d8a0b149a1d3afac56fa74648032bcf46b-refs/branch-heads/4324@{#1784}) on port 10274
Only local connections are allowed.
Please see https://chromedriver.chromium.org/security-considerations for suggestions on keeping ChromeDriver safe.
ChromeDriver was started successfully.
Feb 24, 2021 7:58:10 PM org.openqa.selenium.remote.ProtocolHandshake createSession
INFO: Detected dialect: W3C
]]></system-err>
  </testcase>
  <testcase name="login[vicky, 9lense](2)" classname="Sel2021Pro.lensesTestCaseOne" time="20.269">
    <system-out><![CDATA[Close More Deals
]]></system-out>
  </testcase>
  <testcase name="login[venki, Anvekar](1)" classname="Sel2021Pro.lensesTestCaseOne_DBSQL" time="74.16">
    <system-out><![CDATA[Close More Deals
]]></system-out>
    <system-err><![CDATA[Starting ChromeDriver 88.0.4324.96 (68dba2d8a0b149a1d3afac56fa74648032bcf46b-refs/branch-heads/4324@{#1784}) on port 34118
Only local connections are allowed.
Please see https://chromedriver.chromium.org/security-considerations for suggestions on keeping ChromeDriver safe.
ChromeDriver was started successfully.
Feb 24, 2021 7:59:48 PM org.openqa.selenium.remote.ProtocolHandshake createSession
INFO: Detected dialect: W3C
]]></system-err>
  </testcase>
  <testcase name="login[vicky, 9lense](2)" classname="Sel2021Pro.lensesTestCaseOne_DBSQL" time="9.492">
    <system-out><![CDATA[Close More Deals
]]></system-out>
  </testcase>
</testsuite>