<?xml version="1.0" encoding="UTF-8"?>
<testng-results skipped="0" failed="0" ignored="0" total="4" passed="4">
  <reporter-output>
  </reporter-output>
  <suite name="Suite" duration-ms="194918" started-at="2021-02-24T19:58:03 IST" finished-at="2021-02-24T20:01:17 IST">
    <groups>
    </groups>
    <test name="TestOne" duration-ms="95128" started-at="2021-02-24T19:58:03 IST" finished-at="2021-02-24T19:59:38 IST">
      <class name="Sel2021Pro.lensesTestCaseOne">
        <test-method status="PASS" signature="setUp()[pri:0, instance:Sel2021Pro.lensesTestCaseOne@65987993]" name="setUp" is-config="true" duration-ms="7677" started-at="2021-02-24T19:58:03 IST" finished-at="2021-02-24T19:58:10 IST">
          <reporter-output>
          </reporter-output>
        </test-method> <!-- setUp -->
        <test-method status="PASS" signature="login(java.lang.String, java.lang.String)[pri:0, instance:Sel2021Pro.lensesTestCaseOne@65987993]" name="login" duration-ms="66620" started-at="2021-02-24T19:58:10 IST" data-provider="getData" finished-at="2021-02-24T19:59:17 IST">
          <params>
            <param index="0">
              <value>
                <![CDATA[venki]]>
              </value>
            </param>
            <param index="1">
              <value>
                <![CDATA[Anvekar]]>
              </value>
            </param>
          </params>
          <reporter-output>
          </reporter-output>
        </test-method> <!-- login -->
        <test-method status="PASS" signature="login(java.lang.String, java.lang.String)[pri:0, instance:Sel2021Pro.lensesTestCaseOne@65987993]" name="login" duration-ms="20271" started-at="2021-02-24T19:59:17 IST" data-provider="getData" finished-at="2021-02-24T19:59:37 IST">
          <params>
            <param index="0">
              <value>
                <![CDATA[vicky]]>
              </value>
            </param>
            <param index="1">
              <value>
                <![CDATA[9lense]]>
              </value>
            </param>
          </params>
          <reporter-output>
          </reporter-output>
        </test-method> <!-- login -->
        <test-method status="PASS" signature="tearDown()[pri:0, instance:Sel2021Pro.lensesTestCaseOne@65987993]" name="tearDown" is-config="true" duration-ms="298" started-at="2021-02-24T19:59:37 IST" finished-at="2021-02-24T19:59:38 IST">
          <reporter-output>
          </reporter-output>
        </test-method> <!-- tearDown -->
      </class> <!-- Sel2021Pro.lensesTestCaseOne -->
    </test> <!-- TestOne -->
    <test name="TestTwo" duration-ms="94393" started-at="2021-02-24T19:59:43 IST" finished-at="2021-02-24T20:01:17 IST">
      <class name="Sel2021Pro.lensesTestCaseOne_DBSQL">
        <test-method status="PASS" signature="setUp()[pri:0, instance:Sel2021Pro.lensesTestCaseOne_DBSQL@1807e3f6]" name="setUp" is-config="true" duration-ms="5084" started-at="2021-02-24T19:59:43 IST" finished-at="2021-02-24T19:59:48 IST">
          <reporter-output>
          </reporter-output>
        </test-method> <!-- setUp -->
        <test-method status="PASS" signature="login(java.lang.String, java.lang.String)[pri:0, instance:Sel2021Pro.lensesTestCaseOne_DBSQL@1807e3f6]" name="login" duration-ms="79613" started-at="2021-02-24T19:59:48 IST" data-provider="getData" finished-at="2021-02-24T20:01:08 IST">
          <params>
            <param index="0">
              <value>
                <![CDATA[venki]]>
              </value>
            </param>
            <param index="1">
              <value>
                <![CDATA[Anvekar]]>
              </value>
            </param>
          </params>
          <reporter-output>
          </reporter-output>
        </test-method> <!-- login -->
        <test-method status="PASS" signature="login(java.lang.String, java.lang.String)[pri:0, instance:Sel2021Pro.lensesTestCaseOne_DBSQL@1807e3f6]" name="login" duration-ms="9499" started-at="2021-02-24T20:01:08 IST" data-provider="getData" finished-at="2021-02-24T20:01:17 IST">
          <params>
            <param index="0">
              <value>
                <![CDATA[vicky]]>
              </value>
            </param>
            <param index="1">
              <value>
                <![CDATA[9lense]]>
              </value>
            </param>
          </params>
          <reporter-output>
          </reporter-output>
        </test-method> <!-- login -->
        <test-method status="PASS" signature="tearDown()[pri:0, instance:Sel2021Pro.lensesTestCaseOne_DBSQL@1807e3f6]" name="tearDown" is-config="true" duration-ms="188" started-at="2021-02-24T20:01:17 IST" finished-at="2021-02-24T20:01:17 IST">
          <reporter-output>
          </reporter-output>
        </test-method> <!-- tearDown -->
      </class> <!-- Sel2021Pro.lensesTestCaseOne_DBSQL -->
    </test> <!-- TestTwo -->
  </suite> <!-- Suite -->
</testng-results>
