<?xml version="1.0" encoding="UTF-8"?>
<testng-results skipped="0" failed="0" ignored="0" total="2" passed="2">
  <reporter-output>
  </reporter-output>
  <suite name="Default suite" duration-ms="22778" started-at="2021-02-22T12:09:40 IST" finished-at="2021-02-22T12:10:03 IST">
    <groups>
    </groups>
    <test name="Default test" duration-ms="22778" started-at="2021-02-22T12:09:40 IST" finished-at="2021-02-22T12:10:03 IST">
      <class name="Sel2021Pro.lensesTestCaseOne">
        <test-method status="PASS" signature="setUp()[pri:0, instance:Sel2021Pro.lensesTestCaseOne@1877ab81]" name="setUp" is-config="true" duration-ms="2584" started-at="2021-02-22T12:09:40 IST" finished-at="2021-02-22T12:09:43 IST">
          <reporter-output>
          </reporter-output>
        </test-method> <!-- setUp -->
        <test-method status="PASS" signature="login(java.lang.String, java.lang.String)[pri:0, instance:Sel2021Pro.lensesTestCaseOne@1877ab81]" name="login" duration-ms="14784" started-at="2021-02-22T12:09:43 IST" data-provider="getData" finished-at="2021-02-22T12:09:57 IST">
          <params>
            <param index="0">
              <value>
                <![CDATA[venki]]>
              </value>
            </param>
            <param index="1">
              <value>
                <![CDATA[Anvekar]]>
              </value>
            </param>
          </params>
          <reporter-output>
          </reporter-output>
        </test-method> <!-- login -->
        <test-method status="PASS" signature="login(java.lang.String, java.lang.String)[pri:0, instance:Sel2021Pro.lensesTestCaseOne@1877ab81]" name="login" duration-ms="3188" started-at="2021-02-22T12:09:57 IST" data-provider="getData" finished-at="2021-02-22T12:10:01 IST">
          <params>
            <param index="0">
              <value>
                <![CDATA[vicky]]>
              </value>
            </param>
            <param index="1">
              <value>
                <![CDATA[9lense]]>
              </value>
            </param>
          </params>
          <reporter-output>
          </reporter-output>
        </test-method> <!-- login -->
        <test-method status="PASS" signature="tearDown()[pri:0, instance:Sel2021Pro.lensesTestCaseOne@1877ab81]" name="tearDown" is-config="true" duration-ms="2156" started-at="2021-02-22T12:10:01 IST" finished-at="2021-02-22T12:10:03 IST">
          <reporter-output>
          </reporter-output>
        </test-method> <!-- tearDown -->
      </class> <!-- Sel2021Pro.lensesTestCaseOne -->
    </test> <!-- Default test -->
  </suite> <!-- Default suite -->
</testng-results>
